Flow report for ControladorVGA
Fri Sep 16 01:18:53 2016
Quartus Prime Version 16.0.0 Build 211 04/27/2016 SJ Lite Edition


---------------------
; Table of Contents ;
---------------------
  1. Legal Notice
  2. Flow Summary
  3. Flow Settings
  4. Flow Non-Default Global Settings
  5. Flow Elapsed Time
  6. Flow OS Summary
  7. Flow Log
  8. Flow Messages
  9. Flow Suppressed Messages



----------------
; Legal Notice ;
----------------
Copyright (C) 1991-2016 Altera Corporation. All rights reserved.
Your use of Altera Corporation's design tools, logic functions 
and other software and tools, and its AMPP partner logic 
functions, and any output files from any of the foregoing 
(including device programming or simulation files), and any 
associated documentation or information are expressly subject 
to the terms and conditions of the Altera Program License 
Subscription Agreement, the Altera Quartus Prime License Agreement,
the Altera MegaCore Function License Agreement, or other 
applicable license agreement, including, without limitation, 
that your use is for the sole purpose of programming logic 
devices manufactured by Altera and sold by Altera or its 
authorized distributors.  Please refer to the applicable 
agreement for further details.



+----------------------------------------------------------------------------------+
; Flow Summary                                                                     ;
+------------------------------------+---------------------------------------------+
; Flow Status                        ; Successful - Fri Sep 16 01:18:53 2016       ;
; Quartus Prime Version              ; 16.0.0 Build 211 04/27/2016 SJ Lite Edition ;
; Revision Name                      ; ControladorVGA                              ;
; Top-level Entity Name              ; ControladorVGA                              ;
; Family                             ; Cyclone IV GX                               ;
; Device                             ; EP4CGX150DF31C7                             ;
; Timing Models                      ; Final                                       ;
; Total logic elements               ; 3,909 / 149,760 ( 3 % )                     ;
;     Total combinational functions  ; 3,830 / 149,760 ( 3 % )                     ;
;     Dedicated logic registers      ; 638 / 149,760 ( < 1 % )                     ;
; Total registers                    ; 638                                         ;
; Total pins                         ; 38 / 508 ( 7 % )                            ;
; Total virtual pins                 ; 0                                           ;
; Total memory bits                  ; 1,049,600 / 6,635,520 ( 16 % )              ;
; Embedded Multiplier 9-bit elements ; 2 / 720 ( < 1 % )                           ;
; Total GXB Receiver Channel PCS     ; 0 / 8 ( 0 % )                               ;
; Total GXB Receiver Channel PMA     ; 0 / 8 ( 0 % )                               ;
; Total GXB Transmitter Channel PCS  ; 0 / 8 ( 0 % )                               ;
; Total GXB Transmitter Channel PMA  ; 0 / 8 ( 0 % )                               ;
; Total PLLs                         ; 1 / 8 ( 13 % )                              ;
+------------------------------------+---------------------------------------------+


+-----------------------------------------+
; Flow Settings                           ;
+-------------------+---------------------+
; Option            ; Setting             ;
+-------------------+---------------------+
; Start date & time ; 09/16/2016 01:14:53 ;
; Main task         ; Compilation         ;
; Revision Name     ; ControladorVGA      ;
+-------------------+---------------------+


+----------------------------------------------------------------------------------------------------------------------------+
; Flow Non-Default Global Settings                                                                                           ;
+-------------------------------------+---------------------------------------+---------------+-------------+----------------+
; Assignment Name                     ; Value                                 ; Default Value ; Entity Name ; Section Id     ;
+-------------------------------------+---------------------------------------+---------------+-------------+----------------+
; COMPILER_SIGNATURE_ID               ; 149890842369759.147401009305108       ; --            ; --          ; --             ;
; EDA_OUTPUT_DATA_FORMAT              ; Verilog Hdl                           ; --            ; --          ; eda_simulation ;
; EDA_SIMULATION_TOOL                 ; ModelSim-Altera (Verilog)             ; <None>        ; --          ; --             ;
; MAX_CORE_JUNCTION_TEMP              ; 85                                    ; --            ; --          ; --             ;
; MIN_CORE_JUNCTION_TEMP              ; 0                                     ; --            ; --          ; --             ;
; MISC_FILE                           ; vga_pll.bsf                           ; --            ; --          ; --             ;
; MISC_FILE                           ; vga_pll_bb.v                          ; --            ; --          ; --             ;
; MISC_FILE                           ; vga_pll.ppf                           ; --            ; --          ; --             ;
; MISC_FILE                           ; dual_ram.bsf                          ; --            ; --          ; --             ;
; MISC_FILE                           ; dual_ram_bb.v                         ; --            ; --          ; --             ;
; NOMINAL_CORE_SUPPLY_VOLTAGE         ; 1.2V                                  ; --            ; --          ; --             ;
; PARTITION_COLOR                     ; 16764057                              ; --            ; --          ; Top            ;
; PARTITION_FITTER_PRESERVATION_LEVEL ; PLACEMENT_AND_ROUTING                 ; --            ; --          ; Top            ;
; PARTITION_NETLIST_TYPE              ; SOURCE                                ; --            ; --          ; Top            ;
; POWER_BOARD_THERMAL_MODEL           ; None (CONSERVATIVE)                   ; --            ; --          ; --             ;
; POWER_PRESET_COOLING_SOLUTION       ; 23 MM HEAT SINK WITH 200 LFPM AIRFLOW ; --            ; --          ; --             ;
; PROJECT_OUTPUT_DIRECTORY            ; output_files                          ; --            ; --          ; --             ;
+-------------------------------------+---------------------------------------+---------------+-------------+----------------+


+-------------------------------------------------------------------------------------------------------------------------------+
; Flow Elapsed Time                                                                                                             ;
+---------------------------+--------------+-------------------------+---------------------+------------------------------------+
; Module Name               ; Elapsed Time ; Average Processors Used ; Peak Virtual Memory ; Total CPU Time (on all processors) ;
+---------------------------+--------------+-------------------------+---------------------+------------------------------------+
; Analysis & Synthesis      ; 00:00:34     ; 1.0                     ; 955 MB              ; 00:00:52                           ;
; Fitter                    ; 00:02:57     ; 1.0                     ; 1950 MB             ; 00:03:39                           ;
; Assembler                 ; 00:00:07     ; 1.0                     ; 847 MB              ; 00:00:06                           ;
; TimeQuest Timing Analyzer ; 00:00:07     ; 1.3                     ; 1078 MB             ; 00:00:08                           ;
; EDA Netlist Writer        ; 00:00:08     ; 1.0                     ; 870 MB              ; 00:00:08                           ;
; Total                     ; 00:03:53     ; --                      ; --                  ; 00:04:53                           ;
+---------------------------+--------------+-------------------------+---------------------+------------------------------------+


+----------------------------------------------------------------------------------------+
; Flow OS Summary                                                                        ;
+---------------------------+------------------+-----------+------------+----------------+
; Module Name               ; Machine Hostname ; OS Name   ; OS Version ; Processor type ;
+---------------------------+------------------+-----------+------------+----------------+
; Analysis & Synthesis      ; Envy15-3040nr    ; Windows 8 ; 6.2        ; x86_64         ;
; Fitter                    ; Envy15-3040nr    ; Windows 8 ; 6.2        ; x86_64         ;
; Assembler                 ; Envy15-3040nr    ; Windows 8 ; 6.2        ; x86_64         ;
; TimeQuest Timing Analyzer ; Envy15-3040nr    ; Windows 8 ; 6.2        ; x86_64         ;
; EDA Netlist Writer        ; Envy15-3040nr    ; Windows 8 ; 6.2        ; x86_64         ;
+---------------------------+------------------+-----------+------------+----------------+


------------
; Flow Log ;
------------
quartus_map --read_settings_files=on --write_settings_files=off ControladorVGA -c ControladorVGA
quartus_fit --read_settings_files=off --write_settings_files=off ControladorVGA -c ControladorVGA
quartus_asm --read_settings_files=off --write_settings_files=off ControladorVGA -c ControladorVGA
quartus_sta ControladorVGA -c ControladorVGA
quartus_eda --read_settings_files=off --write_settings_files=off ControladorVGA -c ControladorVGA



