Command line:
   reg32_isim_beh.exe
     -simmode  gui
     -simrunnum  0
     -socket  2648

Mon Sep 05 18:15:00 2016


 Elaboration Time: 0.03125 sec

 Current Memory Usage: 362.086 Meg

 Total Signals          : 16
 Total Nets             : 79
 Total Signal Drivers   : 6
 Total Blocks           : 2
 Total Primitive Blocks : 2
 Total Processes        : 8
 Total Traceable Variables  : 19
 Total Scalar Nets and Variables : 191
Total Line Count : 18

 Total Simulation Time: 0.03125 sec

 Current Memory Usage: 362.086 Meg

Mon Sep 05 18:15:14 2016

